{"C:\\Users\\Charlie\\Futureproof\\week9\\Server-side-notes\\server\\controller\\note.js": {"path":"C:\\Users\\Charlie\\Futureproof\\week9\\Server-side-notes\\server\\controller\\note.js","statementMap":{"0":{"start":{"line":1,"column":17},"end":{"line":1,"column":41}},"1":{"start":{"line":6,"column":17},"end":{"line":6,"column":25}},"2":{"start":{"line":8,"column":4},"end":{"line":20,"column":5}},"3":{"start":{"line":9,"column":8},"end":{"line":14,"column":9}},"4":{"start":{"line":9,"column":81},"end":{"line":9,"column":105}},"5":{"start":{"line":10,"column":25},"end":{"line":10,"column":48}},"6":{"start":{"line":11,"column":12},"end":{"line":11,"column":74}},"7":{"start":{"line":13,"column":12},"end":{"line":13,"column":49}},"8":{"start":{"line":16,"column":8},"end":{"line":19,"column":10}},"9":{"start":{"line":26,"column":17},"end":{"line":26,"column":43}},"10":{"start":{"line":28,"column":4},"end":{"line":43,"column":5}},"11":{"start":{"line":29,"column":25},"end":{"line":29,"column":49}},"12":{"start":{"line":31,"column":8},"end":{"line":36,"column":9}},"13":{"start":{"line":32,"column":12},"end":{"line":32,"column":36}},"14":{"start":{"line":33,"column":12},"end":{"line":33,"column":74}},"15":{"start":{"line":35,"column":12},"end":{"line":35,"column":62}},"16":{"start":{"line":39,"column":8},"end":{"line":42,"column":10}},"17":{"start":{"line":50,"column":4},"end":{"line":58,"column":5}},"18":{"start":{"line":51,"column":23},"end":{"line":51,"column":43}},"19":{"start":{"line":52,"column":8},"end":{"line":52,"column":36}},"20":{"start":{"line":54,"column":8},"end":{"line":57,"column":10}},"21":{"start":{"line":64,"column":21},"end":{"line":64,"column":40}},"22":{"start":{"line":65,"column":4},"end":{"line":65,"column":25}},"23":{"start":{"line":67,"column":4},"end":{"line":75,"column":5}},"24":{"start":{"line":68,"column":23},"end":{"line":68,"column":57}},"25":{"start":{"line":69,"column":8},"end":{"line":69,"column":36}},"26":{"start":{"line":71,"column":8},"end":{"line":74,"column":10}},"27":{"start":{"line":81,"column":21},"end":{"line":81,"column":25}},"28":{"start":{"line":83,"column":4},"end":{"line":91,"column":5}},"29":{"start":{"line":84,"column":23},"end":{"line":84,"column":55}},"30":{"start":{"line":85,"column":8},"end":{"line":85,"column":36}},"31":{"start":{"line":87,"column":8},"end":{"line":90,"column":10}},"32":{"start":{"line":97,"column":20},"end":{"line":97,"column":36}},"33":{"start":{"line":98,"column":21},"end":{"line":98,"column":26}},"34":{"start":{"line":101,"column":4},"end":{"line":109,"column":5}},"35":{"start":{"line":102,"column":23},"end":{"line":102,"column":65}},"36":{"start":{"line":103,"column":8},"end":{"line":103,"column":36}},"37":{"start":{"line":105,"column":8},"end":{"line":108,"column":10}},"38":{"start":{"line":118,"column":4},"end":{"line":126,"column":5}},"39":{"start":{"line":119,"column":23},"end":{"line":119,"column":52}},"40":{"start":{"line":120,"column":8},"end":{"line":120,"column":36}},"41":{"start":{"line":122,"column":8},"end":{"line":125,"column":10}},"42":{"start":{"line":132,"column":0},"end":{"line":132,"column":166}}},"fnMap":{"0":{"name":"createPostNote","decl":{"start":{"line":3,"column":15},"end":{"line":3,"column":29}},"loc":{"start":{"line":3,"column":40},"end":{"line":22,"column":1}},"line":3},"1":{"name":"(anonymous_1)","decl":{"start":{"line":9,"column":74},"end":{"line":9,"column":75}},"loc":{"start":{"line":9,"column":81},"end":{"line":9,"column":105}},"line":9},"2":{"name":"deletePostNote","decl":{"start":{"line":24,"column":15},"end":{"line":24,"column":29}},"loc":{"start":{"line":24,"column":40},"end":{"line":45,"column":1}},"line":24},"3":{"name":"returnPostNote","decl":{"start":{"line":48,"column":15},"end":{"line":48,"column":29}},"loc":{"start":{"line":48,"column":40},"end":{"line":60,"column":1}},"line":48},"4":{"name":"returnPostNoteByCategory","decl":{"start":{"line":62,"column":15},"end":{"line":62,"column":39}},"loc":{"start":{"line":62,"column":50},"end":{"line":77,"column":1}},"line":62},"5":{"name":"returnPostNoteByPublic","decl":{"start":{"line":79,"column":15},"end":{"line":79,"column":37}},"loc":{"start":{"line":79,"column":48},"end":{"line":93,"column":1}},"line":79},"6":{"name":"returnPostNoteByPrivate","decl":{"start":{"line":95,"column":15},"end":{"line":95,"column":38}},"loc":{"start":{"line":95,"column":49},"end":{"line":111,"column":1}},"line":95},"7":{"name":"returnCategoriesNumber","decl":{"start":{"line":115,"column":15},"end":{"line":115,"column":37}},"loc":{"start":{"line":115,"column":48},"end":{"line":128,"column":1}},"line":115}},"branchMap":{"0":{"loc":{"start":{"line":9,"column":8},"end":{"line":14,"column":9}},"type":"if","locations":[{"start":{"line":9,"column":8},"end":{"line":14,"column":9}},{"start":{"line":12,"column":15},"end":{"line":14,"column":9}}],"line":9},"1":{"loc":{"start":{"line":31,"column":8},"end":{"line":36,"column":9}},"type":"if","locations":[{"start":{"line":31,"column":8},"end":{"line":36,"column":9}},{"start":{"line":34,"column":15},"end":{"line":36,"column":9}}],"line":31}},"s":{"0":1,"1":0,"2":0,"3":0,"4":0,"5":0,"6":0,"7":0,"8":0,"9":0,"10":0,"11":0,"12":0,"13":0,"14":0,"15":0,"16":0,"17":0,"18":0,"19":0,"20":0,"21":0,"22":0,"23":0,"24":0,"25":0,"26":0,"27":0,"28":0,"29":0,"30":0,"31":0,"32":0,"33":0,"34":0,"35":0,"36":0,"37":0,"38":0,"39":0,"40":0,"41":0,"42":1},"f":{"0":0,"1":0,"2":0,"3":0,"4":0,"5":0,"6":0,"7":0},"b":{"0":[0,0],"1":[0,0]},"_coverageSchema":"1a1c01bbd47fc00a2c39e90264f33305004495a9","hash":"7b711b436c7c1fb2eb84ef76cd6ec69fe441295d"}
,"C:\\Users\\Charlie\\Futureproof\\week9\\Server-side-notes\\server\\controller\\user.js": {"path":"C:\\Users\\Charlie\\Futureproof\\week9\\Server-side-notes\\server\\controller\\user.js","statementMap":{"0":{"start":{"line":1,"column":13},"end":{"line":1,"column":37}},"1":{"start":{"line":4,"column":17},"end":{"line":4,"column":25}},"2":{"start":{"line":6,"column":4},"end":{"line":18,"column":5}},"3":{"start":{"line":7,"column":8},"end":{"line":12,"column":9}},"4":{"start":{"line":7,"column":70},"end":{"line":7,"column":94}},"5":{"start":{"line":8,"column":25},"end":{"line":8,"column":48}},"6":{"start":{"line":9,"column":12},"end":{"line":9,"column":76}},"7":{"start":{"line":11,"column":12},"end":{"line":11,"column":49}},"8":{"start":{"line":14,"column":8},"end":{"line":17,"column":10}},"9":{"start":{"line":22,"column":17},"end":{"line":22,"column":25}},"10":{"start":{"line":24,"column":4},"end":{"line":36,"column":5}},"11":{"start":{"line":25,"column":8},"end":{"line":30,"column":9}},"12":{"start":{"line":25,"column":50},"end":{"line":25,"column":74}},"13":{"start":{"line":26,"column":26},"end":{"line":26,"column":48}},"14":{"start":{"line":27,"column":12},"end":{"line":27,"column":84}},"15":{"start":{"line":29,"column":12},"end":{"line":29,"column":56}},"16":{"start":{"line":32,"column":8},"end":{"line":35,"column":10}},"17":{"start":{"line":40,"column":17},"end":{"line":40,"column":43}},"18":{"start":{"line":42,"column":4},"end":{"line":54,"column":5}},"19":{"start":{"line":43,"column":8},"end":{"line":48,"column":9}},"20":{"start":{"line":44,"column":25},"end":{"line":44,"column":49}},"21":{"start":{"line":45,"column":12},"end":{"line":45,"column":38}},"22":{"start":{"line":47,"column":12},"end":{"line":47,"column":49}},"23":{"start":{"line":50,"column":8},"end":{"line":53,"column":10}},"24":{"start":{"line":57,"column":0},"end":{"line":61,"column":1}}},"fnMap":{"0":{"name":"registerUser","decl":{"start":{"line":3,"column":15},"end":{"line":3,"column":27}},"loc":{"start":{"line":3,"column":38},"end":{"line":19,"column":1}},"line":3},"1":{"name":"(anonymous_1)","decl":{"start":{"line":7,"column":63},"end":{"line":7,"column":64}},"loc":{"start":{"line":7,"column":70},"end":{"line":7,"column":94}},"line":7},"2":{"name":"loginUser","decl":{"start":{"line":21,"column":15},"end":{"line":21,"column":24}},"loc":{"start":{"line":21,"column":35},"end":{"line":37,"column":1}},"line":21},"3":{"name":"(anonymous_3)","decl":{"start":{"line":25,"column":43},"end":{"line":25,"column":44}},"loc":{"start":{"line":25,"column":50},"end":{"line":25,"column":74}},"line":25},"4":{"name":"findById","decl":{"start":{"line":39,"column":15},"end":{"line":39,"column":23}},"loc":{"start":{"line":39,"column":34},"end":{"line":55,"column":1}},"line":39}},"branchMap":{"0":{"loc":{"start":{"line":7,"column":8},"end":{"line":12,"column":9}},"type":"if","locations":[{"start":{"line":7,"column":8},"end":{"line":12,"column":9}},{"start":{"line":10,"column":15},"end":{"line":12,"column":9}}],"line":7},"1":{"loc":{"start":{"line":25,"column":8},"end":{"line":30,"column":9}},"type":"if","locations":[{"start":{"line":25,"column":8},"end":{"line":30,"column":9}},{"start":{"line":28,"column":15},"end":{"line":30,"column":9}}],"line":25},"2":{"loc":{"start":{"line":43,"column":8},"end":{"line":48,"column":9}},"type":"if","locations":[{"start":{"line":43,"column":8},"end":{"line":48,"column":9}},{"start":{"line":46,"column":15},"end":{"line":48,"column":9}}],"line":43}},"s":{"0":1,"1":0,"2":0,"3":0,"4":0,"5":0,"6":0,"7":0,"8":0,"9":0,"10":0,"11":0,"12":0,"13":0,"14":0,"15":0,"16":0,"17":0,"18":0,"19":0,"20":0,"21":0,"22":0,"23":0,"24":1},"f":{"0":0,"1":0,"2":0,"3":0,"4":0},"b":{"0":[0,0],"1":[0,0],"2":[0,0]},"_coverageSchema":"1a1c01bbd47fc00a2c39e90264f33305004495a9","hash":"46f26e693ea1f5e045e3e051586e0dd7e05762a9"}
,"C:\\Users\\Charlie\\Futureproof\\week9\\Server-side-notes\\server\\db\\connection.js": {"path":"C:\\Users\\Charlie\\Futureproof\\week9\\Server-side-notes\\server\\db\\connection.js","statementMap":{"0":{"start":{"line":1,"column":15},"end":{"line":1,"column":41}},"1":{"start":{"line":2,"column":17},"end":{"line":2,"column":30}},"2":{"start":{"line":4,"column":15},"end":{"line":6,"column":2}},"3":{"start":{"line":9,"column":0},"end":{"line":9,"column":23}}},"fnMap":{},"branchMap":{},"s":{"0":2,"1":2,"2":2,"3":2},"f":{},"b":{},"_coverageSchema":"1a1c01bbd47fc00a2c39e90264f33305004495a9","hash":"9b89e15f1540f6fcfa8a0be00850659322e84059"}
,"C:\\Users\\Charlie\\Futureproof\\week9\\Server-side-notes\\server\\model\\note.js": {"path":"C:\\Users\\Charlie\\Futureproof\\week9\\Server-side-notes\\server\\model\\note.js","statementMap":{"0":{"start":{"line":1,"column":15},"end":{"line":1,"column":42}},"1":{"start":{"line":8,"column":8},"end":{"line":8,"column":31}},"2":{"start":{"line":9,"column":8},"end":{"line":9,"column":36}},"3":{"start":{"line":10,"column":8},"end":{"line":10,"column":40}},"4":{"start":{"line":11,"column":8},"end":{"line":11,"column":42}},"5":{"start":{"line":12,"column":8},"end":{"line":12,"column":33}},"6":{"start":{"line":13,"column":8},"end":{"line":13,"column":31}},"7":{"start":{"line":18,"column":8},"end":{"line":26,"column":9}},"8":{"start":{"line":19,"column":29},"end":{"line":19,"column":95}},"9":{"start":{"line":20,"column":12},"end":{"line":20,"column":35}},"10":{"start":{"line":22,"column":12},"end":{"line":25,"column":14}},"11":{"start":{"line":33,"column":8},"end":{"line":36,"column":10}},"12":{"start":{"line":33,"column":19},"end":{"line":36,"column":10}},"13":{"start":{"line":38,"column":8},"end":{"line":46,"column":9}},"14":{"start":{"line":39,"column":29},"end":{"line":39,"column":220}},"15":{"start":{"line":40,"column":26},"end":{"line":40,"column":115}},"16":{"start":{"line":42,"column":12},"end":{"line":45,"column":14}},"17":{"start":{"line":52,"column":8},"end":{"line":61,"column":9}},"18":{"start":{"line":53,"column":29},"end":{"line":53,"column":91}},"19":{"start":{"line":54,"column":12},"end":{"line":54,"column":54}},"20":{"start":{"line":54,"column":42},"end":{"line":54,"column":53}},"21":{"start":{"line":57,"column":12},"end":{"line":60,"column":14}},"22":{"start":{"line":67,"column":8},"end":{"line":70,"column":10}},"23":{"start":{"line":67,"column":17},"end":{"line":70,"column":10}},"24":{"start":{"line":72,"column":8},"end":{"line":80,"column":9}},"25":{"start":{"line":73,"column":29},"end":{"line":73,"column":95}},"26":{"start":{"line":76,"column":12},"end":{"line":79,"column":14}},"27":{"start":{"line":86,"column":8},"end":{"line":94,"column":9}},"28":{"start":{"line":87,"column":29},"end":{"line":87,"column":126}},"29":{"start":{"line":88,"column":12},"end":{"line":88,"column":32}},"30":{"start":{"line":90,"column":12},"end":{"line":93,"column":14}},"31":{"start":{"line":99,"column":8},"end":{"line":107,"column":9}},"32":{"start":{"line":100,"column":29},"end":{"line":100,"column":102}},"33":{"start":{"line":101,"column":12},"end":{"line":101,"column":35}},"34":{"start":{"line":103,"column":12},"end":{"line":106,"column":14}},"35":{"start":{"line":113,"column":8},"end":{"line":121,"column":9}},"36":{"start":{"line":114,"column":29},"end":{"line":114,"column":128}},"37":{"start":{"line":115,"column":12},"end":{"line":115,"column":32}},"38":{"start":{"line":117,"column":12},"end":{"line":120,"column":14}},"39":{"start":{"line":127,"column":8},"end":{"line":135,"column":9}},"40":{"start":{"line":128,"column":29},"end":{"line":128,"column":113}},"41":{"start":{"line":129,"column":12},"end":{"line":129,"column":32}},"42":{"start":{"line":131,"column":12},"end":{"line":134,"column":14}},"43":{"start":{"line":140,"column":0},"end":{"line":140,"column":26}}},"fnMap":{"0":{"name":"(anonymous_0)","decl":{"start":{"line":6,"column":4},"end":{"line":6,"column":5}},"loc":{"start":{"line":6,"column":89},"end":{"line":15,"column":5}},"line":6},"1":{"name":"(anonymous_1)","decl":{"start":{"line":17,"column":4},"end":{"line":17,"column":5}},"loc":{"start":{"line":17,"column":29},"end":{"line":27,"column":5}},"line":17},"2":{"name":"(anonymous_2)","decl":{"start":{"line":31,"column":4},"end":{"line":31,"column":5}},"loc":{"start":{"line":31,"column":30},"end":{"line":48,"column":5}},"line":31},"3":{"name":"(anonymous_3)","decl":{"start":{"line":50,"column":4},"end":{"line":50,"column":5}},"loc":{"start":{"line":50,"column":27},"end":{"line":63,"column":5}},"line":50},"4":{"name":"(anonymous_4)","decl":{"start":{"line":54,"column":37},"end":{"line":54,"column":38}},"loc":{"start":{"line":54,"column":42},"end":{"line":54,"column":53}},"line":54},"5":{"name":"(anonymous_5)","decl":{"start":{"line":65,"column":4},"end":{"line":65,"column":5}},"loc":{"start":{"line":65,"column":29},"end":{"line":82,"column":5}},"line":65},"6":{"name":"(anonymous_6)","decl":{"start":{"line":84,"column":4},"end":{"line":84,"column":5}},"loc":{"start":{"line":84,"column":41},"end":{"line":95,"column":5}},"line":84},"7":{"name":"(anonymous_7)","decl":{"start":{"line":97,"column":4},"end":{"line":97,"column":5}},"loc":{"start":{"line":97,"column":39},"end":{"line":108,"column":5}},"line":97},"8":{"name":"(anonymous_8)","decl":{"start":{"line":111,"column":4},"end":{"line":111,"column":5}},"loc":{"start":{"line":111,"column":49},"end":{"line":122,"column":5}},"line":111},"9":{"name":"(anonymous_9)","decl":{"start":{"line":125,"column":4},"end":{"line":125,"column":5}},"loc":{"start":{"line":125,"column":36},"end":{"line":136,"column":5}},"line":125}},"branchMap":{"0":{"loc":{"start":{"line":33,"column":8},"end":{"line":36,"column":10}},"type":"if","locations":[{"start":{"line":33,"column":8},"end":{"line":36,"column":10}},{"start":{},"end":{}}],"line":33},"1":{"loc":{"start":{"line":67,"column":8},"end":{"line":70,"column":10}},"type":"if","locations":[{"start":{"line":67,"column":8},"end":{"line":70,"column":10}},{"start":{},"end":{}}],"line":67}},"s":{"0":1,"1":0,"2":0,"3":0,"4":0,"5":0,"6":0,"7":0,"8":0,"9":0,"10":0,"11":0,"12":0,"13":0,"14":0,"15":0,"16":0,"17":0,"18":0,"19":0,"20":0,"21":0,"22":0,"23":0,"24":0,"25":0,"26":0,"27":0,"28":0,"29":0,"30":0,"31":0,"32":0,"33":0,"34":0,"35":0,"36":0,"37":0,"38":0,"39":0,"40":0,"41":0,"42":0,"43":1},"f":{"0":0,"1":0,"2":0,"3":0,"4":0,"5":0,"6":0,"7":0,"8":0,"9":0},"b":{"0":[0,0],"1":[0,0]},"_coverageSchema":"1a1c01bbd47fc00a2c39e90264f33305004495a9","hash":"e9c7b75278373ab84115bb4aa71db84e173c8918"}
,"C:\\Users\\Charlie\\Futureproof\\week9\\Server-side-notes\\server\\model\\user.js": {"path":"C:\\Users\\Charlie\\Futureproof\\week9\\Server-side-notes\\server\\model\\user.js","statementMap":{"0":{"start":{"line":1,"column":15},"end":{"line":1,"column":42}},"1":{"start":{"line":2,"column":15},"end":{"line":2,"column":32}},"2":{"start":{"line":3,"column":12},"end":{"line":3,"column":35}},"3":{"start":{"line":7,"column":8},"end":{"line":7,"column":25}},"4":{"start":{"line":8,"column":8},"end":{"line":8,"column":37}},"5":{"start":{"line":9,"column":8},"end":{"line":9,"column":31}},"6":{"start":{"line":10,"column":8},"end":{"line":10,"column":37}},"7":{"start":{"line":11,"column":8},"end":{"line":11,"column":38}},"8":{"start":{"line":12,"column":8},"end":{"line":12,"column":35}},"9":{"start":{"line":18,"column":8},"end":{"line":27,"column":9}},"10":{"start":{"line":19,"column":29},"end":{"line":19,"column":96}},"11":{"start":{"line":21,"column":12},"end":{"line":21,"column":35}},"12":{"start":{"line":23,"column":12},"end":{"line":26,"column":14}},"13":{"start":{"line":31,"column":8},"end":{"line":40,"column":9}},"14":{"start":{"line":32,"column":29},"end":{"line":32,"column":103}},"15":{"start":{"line":34,"column":12},"end":{"line":34,"column":35}},"16":{"start":{"line":36,"column":12},"end":{"line":39,"column":14}},"17":{"start":{"line":44,"column":8},"end":{"line":53,"column":9}},"18":{"start":{"line":45,"column":29},"end":{"line":45,"column":102}},"19":{"start":{"line":47,"column":12},"end":{"line":47,"column":35}},"20":{"start":{"line":49,"column":12},"end":{"line":52,"column":14}},"21":{"start":{"line":58,"column":8},"end":{"line":60,"column":9}},"22":{"start":{"line":59,"column":12},"end":{"line":59,"column":75}},"23":{"start":{"line":61,"column":8},"end":{"line":63,"column":9}},"24":{"start":{"line":62,"column":12},"end":{"line":62,"column":53}},"25":{"start":{"line":63,"column":10},"end":{"line":65,"column":9}},"26":{"start":{"line":64,"column":12},"end":{"line":64,"column":60}},"27":{"start":{"line":66,"column":8},"end":{"line":79,"column":9}},"28":{"start":{"line":67,"column":35},"end":{"line":67,"column":88}},"29":{"start":{"line":68,"column":12},"end":{"line":70,"column":13}},"30":{"start":{"line":69,"column":33},"end":{"line":69,"column":187}},"31":{"start":{"line":71,"column":12},"end":{"line":73,"column":14}},"32":{"start":{"line":75,"column":12},"end":{"line":78,"column":14}},"33":{"start":{"line":85,"column":8},"end":{"line":87,"column":9}},"34":{"start":{"line":86,"column":12},"end":{"line":86,"column":75}},"35":{"start":{"line":88,"column":8},"end":{"line":90,"column":9}},"36":{"start":{"line":89,"column":12},"end":{"line":89,"column":61}},"37":{"start":{"line":91,"column":8},"end":{"line":114,"column":9}},"38":{"start":{"line":92,"column":25},"end":{"line":92,"column":59}},"39":{"start":{"line":93,"column":12},"end":{"line":95,"column":13}},"40":{"start":{"line":94,"column":16},"end":{"line":94,"column":65}},"41":{"start":{"line":96,"column":34},"end":{"line":96,"column":79}},"42":{"start":{"line":97,"column":12},"end":{"line":99,"column":13}},"43":{"start":{"line":98,"column":16},"end":{"line":98,"column":65}},"44":{"start":{"line":101,"column":26},"end":{"line":101,"column":124}},"45":{"start":{"line":103,"column":12},"end":{"line":108,"column":13}},"46":{"start":{"line":104,"column":35},"end":{"line":104,"column":39}},"47":{"start":{"line":105,"column":16},"end":{"line":105,"column":42}},"48":{"start":{"line":107,"column":16},"end":{"line":107,"column":30}},"49":{"start":{"line":110,"column":12},"end":{"line":113,"column":14}},"50":{"start":{"line":120,"column":0},"end":{"line":120,"column":22}}},"fnMap":{"0":{"name":"(anonymous_0)","decl":{"start":{"line":6,"column":4},"end":{"line":6,"column":5}},"loc":{"start":{"line":6,"column":98},"end":{"line":13,"column":5}},"line":6},"1":{"name":"(anonymous_1)","decl":{"start":{"line":16,"column":4},"end":{"line":16,"column":5}},"loc":{"start":{"line":16,"column":29},"end":{"line":28,"column":5}},"line":16},"2":{"name":"(anonymous_2)","decl":{"start":{"line":30,"column":4},"end":{"line":30,"column":5}},"loc":{"start":{"line":30,"column":41},"end":{"line":41,"column":5}},"line":30},"3":{"name":"(anonymous_3)","decl":{"start":{"line":43,"column":4},"end":{"line":43,"column":5}},"loc":{"start":{"line":43,"column":35},"end":{"line":54,"column":5}},"line":43},"4":{"name":"(anonymous_4)","decl":{"start":{"line":56,"column":4},"end":{"line":56,"column":5}},"loc":{"start":{"line":56,"column":64},"end":{"line":80,"column":5}},"line":56},"5":{"name":"(anonymous_5)","decl":{"start":{"line":84,"column":4},"end":{"line":84,"column":5}},"loc":{"start":{"line":84,"column":47},"end":{"line":115,"column":5}},"line":84}},"branchMap":{"0":{"loc":{"start":{"line":58,"column":8},"end":{"line":60,"column":9}},"type":"if","locations":[{"start":{"line":58,"column":8},"end":{"line":60,"column":9}},{"start":{},"end":{}}],"line":58},"1":{"loc":{"start":{"line":58,"column":12},"end":{"line":58,"column":44}},"type":"binary-expr","locations":[{"start":{"line":58,"column":12},"end":{"line":58,"column":21}},{"start":{"line":58,"column":25},"end":{"line":58,"column":34}},{"start":{"line":58,"column":38},"end":{"line":58,"column":44}}],"line":58},"2":{"loc":{"start":{"line":61,"column":8},"end":{"line":63,"column":9}},"type":"if","locations":[{"start":{"line":61,"column":8},"end":{"line":63,"column":9}},{"start":{},"end":{}}],"line":61},"3":{"loc":{"start":{"line":63,"column":10},"end":{"line":65,"column":9}},"type":"if","locations":[{"start":{"line":63,"column":10},"end":{"line":65,"column":9}},{"start":{},"end":{}}],"line":63},"4":{"loc":{"start":{"line":68,"column":12},"end":{"line":70,"column":13}},"type":"if","locations":[{"start":{"line":68,"column":12},"end":{"line":70,"column":13}},{"start":{},"end":{}}],"line":68},"5":{"loc":{"start":{"line":85,"column":8},"end":{"line":87,"column":9}},"type":"if","locations":[{"start":{"line":85,"column":8},"end":{"line":87,"column":9}},{"start":{},"end":{}}],"line":85},"6":{"loc":{"start":{"line":85,"column":12},"end":{"line":85,"column":34}},"type":"binary-expr","locations":[{"start":{"line":85,"column":12},"end":{"line":85,"column":21}},{"start":{"line":85,"column":25},"end":{"line":85,"column":34}}],"line":85},"7":{"loc":{"start":{"line":88,"column":8},"end":{"line":90,"column":9}},"type":"if","locations":[{"start":{"line":88,"column":8},"end":{"line":90,"column":9}},{"start":{},"end":{}}],"line":88},"8":{"loc":{"start":{"line":93,"column":12},"end":{"line":95,"column":13}},"type":"if","locations":[{"start":{"line":93,"column":12},"end":{"line":95,"column":13}},{"start":{},"end":{}}],"line":93},"9":{"loc":{"start":{"line":97,"column":12},"end":{"line":99,"column":13}},"type":"if","locations":[{"start":{"line":97,"column":12},"end":{"line":99,"column":13}},{"start":{},"end":{}}],"line":97},"10":{"loc":{"start":{"line":103,"column":12},"end":{"line":108,"column":13}},"type":"if","locations":[{"start":{"line":103,"column":12},"end":{"line":108,"column":13}},{"start":{"line":106,"column":19},"end":{"line":108,"column":13}}],"line":103}},"s":{"0":1,"1":1,"2":1,"3":0,"4":0,"5":0,"6":0,"7":0,"8":0,"9":0,"10":0,"11":0,"12":0,"13":0,"14":0,"15":0,"16":0,"17":0,"18":0,"19":0,"20":0,"21":0,"22":0,"23":0,"24":0,"25":0,"26":0,"27":0,"28":0,"29":0,"30":0,"31":0,"32":0,"33":0,"34":0,"35":0,"36":0,"37":0,"38":0,"39":0,"40":0,"41":0,"42":0,"43":0,"44":0,"45":0,"46":0,"47":0,"48":0,"49":0,"50":1},"f":{"0":0,"1":0,"2":0,"3":0,"4":0,"5":0},"b":{"0":[0,0],"1":[0,0,0],"2":[0,0],"3":[0,0],"4":[0,0],"5":[0,0],"6":[0,0],"7":[0,0],"8":[0,0],"9":[0,0],"10":[0,0]},"_coverageSchema":"1a1c01bbd47fc00a2c39e90264f33305004495a9","hash":"621cca90ade20bcc355f3423f46ae29356fb9671"}
}
