{"C:\\Users\\Charlie\\Futureproof\\week9\\Server-side-notes\\server\\controller\\note.js": {"path":"C:\\Users\\Charlie\\Futureproof\\week9\\Server-side-notes\\server\\controller\\note.js","statementMap":{"0":{"start":{"line":1,"column":17},"end":{"line":1,"column":41}},"1":{"start":{"line":6,"column":17},"end":{"line":6,"column":25}},"2":{"start":{"line":8,"column":4},"end":{"line":20,"column":5}},"3":{"start":{"line":9,"column":8},"end":{"line":14,"column":9}},"4":{"start":{"line":9,"column":81},"end":{"line":9,"column":105}},"5":{"start":{"line":10,"column":25},"end":{"line":10,"column":48}},"6":{"start":{"line":11,"column":12},"end":{"line":11,"column":74}},"7":{"start":{"line":13,"column":12},"end":{"line":13,"column":49}},"8":{"start":{"line":16,"column":8},"end":{"line":19,"column":10}},"9":{"start":{"line":26,"column":17},"end":{"line":26,"column":43}},"10":{"start":{"line":28,"column":4},"end":{"line":43,"column":5}},"11":{"start":{"line":29,"column":25},"end":{"line":29,"column":49}},"12":{"start":{"line":31,"column":8},"end":{"line":36,"column":9}},"13":{"start":{"line":32,"column":12},"end":{"line":32,"column":36}},"14":{"start":{"line":33,"column":12},"end":{"line":33,"column":74}},"15":{"start":{"line":35,"column":12},"end":{"line":35,"column":62}},"16":{"start":{"line":39,"column":8},"end":{"line":42,"column":10}},"17":{"start":{"line":50,"column":4},"end":{"line":58,"column":5}},"18":{"start":{"line":51,"column":23},"end":{"line":51,"column":43}},"19":{"start":{"line":52,"column":8},"end":{"line":52,"column":36}},"20":{"start":{"line":54,"column":8},"end":{"line":57,"column":10}},"21":{"start":{"line":64,"column":21},"end":{"line":64,"column":38}},"22":{"start":{"line":66,"column":4},"end":{"line":74,"column":5}},"23":{"start":{"line":67,"column":23},"end":{"line":67,"column":57}},"24":{"start":{"line":68,"column":8},"end":{"line":68,"column":36}},"25":{"start":{"line":70,"column":8},"end":{"line":73,"column":10}},"26":{"start":{"line":80,"column":21},"end":{"line":80,"column":25}},"27":{"start":{"line":82,"column":4},"end":{"line":90,"column":5}},"28":{"start":{"line":83,"column":23},"end":{"line":83,"column":55}},"29":{"start":{"line":84,"column":8},"end":{"line":84,"column":36}},"30":{"start":{"line":86,"column":8},"end":{"line":89,"column":10}},"31":{"start":{"line":96,"column":20},"end":{"line":96,"column":36}},"32":{"start":{"line":97,"column":21},"end":{"line":97,"column":26}},"33":{"start":{"line":100,"column":4},"end":{"line":108,"column":5}},"34":{"start":{"line":101,"column":23},"end":{"line":101,"column":65}},"35":{"start":{"line":102,"column":8},"end":{"line":102,"column":36}},"36":{"start":{"line":104,"column":8},"end":{"line":107,"column":10}},"37":{"start":{"line":117,"column":4},"end":{"line":125,"column":5}},"38":{"start":{"line":118,"column":23},"end":{"line":118,"column":52}},"39":{"start":{"line":119,"column":8},"end":{"line":119,"column":36}},"40":{"start":{"line":121,"column":8},"end":{"line":124,"column":10}},"41":{"start":{"line":131,"column":0},"end":{"line":131,"column":166}}},"fnMap":{"0":{"name":"createPostNote","decl":{"start":{"line":3,"column":15},"end":{"line":3,"column":29}},"loc":{"start":{"line":3,"column":40},"end":{"line":22,"column":1}},"line":3},"1":{"name":"(anonymous_1)","decl":{"start":{"line":9,"column":74},"end":{"line":9,"column":75}},"loc":{"start":{"line":9,"column":81},"end":{"line":9,"column":105}},"line":9},"2":{"name":"deletePostNote","decl":{"start":{"line":24,"column":15},"end":{"line":24,"column":29}},"loc":{"start":{"line":24,"column":40},"end":{"line":45,"column":1}},"line":24},"3":{"name":"returnPostNote","decl":{"start":{"line":48,"column":15},"end":{"line":48,"column":29}},"loc":{"start":{"line":48,"column":40},"end":{"line":60,"column":1}},"line":48},"4":{"name":"returnPostNoteByCategory","decl":{"start":{"line":62,"column":15},"end":{"line":62,"column":39}},"loc":{"start":{"line":62,"column":50},"end":{"line":76,"column":1}},"line":62},"5":{"name":"returnPostNoteByPublic","decl":{"start":{"line":78,"column":15},"end":{"line":78,"column":37}},"loc":{"start":{"line":78,"column":48},"end":{"line":92,"column":1}},"line":78},"6":{"name":"returnPostNoteByPrivate","decl":{"start":{"line":94,"column":15},"end":{"line":94,"column":38}},"loc":{"start":{"line":94,"column":49},"end":{"line":110,"column":1}},"line":94},"7":{"name":"returnCategoriesNumber","decl":{"start":{"line":114,"column":15},"end":{"line":114,"column":37}},"loc":{"start":{"line":114,"column":48},"end":{"line":127,"column":1}},"line":114}},"branchMap":{"0":{"loc":{"start":{"line":9,"column":8},"end":{"line":14,"column":9}},"type":"if","locations":[{"start":{"line":9,"column":8},"end":{"line":14,"column":9}},{"start":{"line":12,"column":15},"end":{"line":14,"column":9}}],"line":9},"1":{"loc":{"start":{"line":31,"column":8},"end":{"line":36,"column":9}},"type":"if","locations":[{"start":{"line":31,"column":8},"end":{"line":36,"column":9}},{"start":{"line":34,"column":15},"end":{"line":36,"column":9}}],"line":31}},"s":{"0":1,"1":0,"2":0,"3":0,"4":0,"5":0,"6":0,"7":0,"8":0,"9":0,"10":0,"11":0,"12":0,"13":0,"14":0,"15":0,"16":0,"17":0,"18":0,"19":0,"20":0,"21":0,"22":0,"23":0,"24":0,"25":0,"26":0,"27":0,"28":0,"29":0,"30":0,"31":0,"32":0,"33":0,"34":0,"35":0,"36":0,"37":0,"38":0,"39":0,"40":0,"41":1},"f":{"0":0,"1":0,"2":0,"3":0,"4":0,"5":0,"6":0,"7":0},"b":{"0":[0,0],"1":[0,0]},"_coverageSchema":"1a1c01bbd47fc00a2c39e90264f33305004495a9","hash":"f61fb5b1d69329fd2bd8f799f6b4855b349c5ee5"}
,"C:\\Users\\Charlie\\Futureproof\\week9\\Server-side-notes\\server\\db\\connection.js": {"path":"C:\\Users\\Charlie\\Futureproof\\week9\\Server-side-notes\\server\\db\\connection.js","statementMap":{"0":{"start":{"line":1,"column":15},"end":{"line":1,"column":41}},"1":{"start":{"line":2,"column":17},"end":{"line":2,"column":30}},"2":{"start":{"line":4,"column":15},"end":{"line":6,"column":2}},"3":{"start":{"line":9,"column":0},"end":{"line":9,"column":23}}},"fnMap":{},"branchMap":{},"s":{"0":1,"1":1,"2":1,"3":1},"f":{},"b":{},"_coverageSchema":"1a1c01bbd47fc00a2c39e90264f33305004495a9","hash":"9b89e15f1540f6fcfa8a0be00850659322e84059"}
,"C:\\Users\\Charlie\\Futureproof\\week9\\Server-side-notes\\server\\model\\note.js": {"path":"C:\\Users\\Charlie\\Futureproof\\week9\\Server-side-notes\\server\\model\\note.js","statementMap":{"0":{"start":{"line":1,"column":15},"end":{"line":1,"column":42}},"1":{"start":{"line":8,"column":8},"end":{"line":8,"column":31}},"2":{"start":{"line":9,"column":8},"end":{"line":9,"column":36}},"3":{"start":{"line":10,"column":8},"end":{"line":10,"column":40}},"4":{"start":{"line":11,"column":8},"end":{"line":11,"column":42}},"5":{"start":{"line":12,"column":8},"end":{"line":12,"column":33}},"6":{"start":{"line":13,"column":8},"end":{"line":13,"column":31}},"7":{"start":{"line":18,"column":8},"end":{"line":26,"column":9}},"8":{"start":{"line":19,"column":29},"end":{"line":19,"column":95}},"9":{"start":{"line":20,"column":12},"end":{"line":20,"column":35}},"10":{"start":{"line":22,"column":12},"end":{"line":25,"column":14}},"11":{"start":{"line":33,"column":8},"end":{"line":36,"column":10}},"12":{"start":{"line":33,"column":19},"end":{"line":36,"column":10}},"13":{"start":{"line":38,"column":8},"end":{"line":46,"column":9}},"14":{"start":{"line":39,"column":29},"end":{"line":39,"column":220}},"15":{"start":{"line":40,"column":26},"end":{"line":40,"column":115}},"16":{"start":{"line":42,"column":12},"end":{"line":45,"column":14}},"17":{"start":{"line":52,"column":8},"end":{"line":61,"column":9}},"18":{"start":{"line":53,"column":29},"end":{"line":53,"column":91}},"19":{"start":{"line":54,"column":12},"end":{"line":54,"column":54}},"20":{"start":{"line":54,"column":42},"end":{"line":54,"column":53}},"21":{"start":{"line":57,"column":12},"end":{"line":60,"column":14}},"22":{"start":{"line":67,"column":8},"end":{"line":70,"column":10}},"23":{"start":{"line":67,"column":17},"end":{"line":70,"column":10}},"24":{"start":{"line":72,"column":8},"end":{"line":80,"column":9}},"25":{"start":{"line":73,"column":29},"end":{"line":73,"column":95}},"26":{"start":{"line":76,"column":12},"end":{"line":79,"column":14}},"27":{"start":{"line":86,"column":8},"end":{"line":94,"column":9}},"28":{"start":{"line":87,"column":29},"end":{"line":87,"column":126}},"29":{"start":{"line":88,"column":12},"end":{"line":88,"column":32}},"30":{"start":{"line":90,"column":12},"end":{"line":93,"column":14}},"31":{"start":{"line":99,"column":8},"end":{"line":108,"column":9}},"32":{"start":{"line":100,"column":29},"end":{"line":100,"column":102}},"33":{"start":{"line":102,"column":12},"end":{"line":102,"column":35}},"34":{"start":{"line":104,"column":12},"end":{"line":107,"column":14}},"35":{"start":{"line":114,"column":8},"end":{"line":123,"column":9}},"36":{"start":{"line":115,"column":29},"end":{"line":115,"column":128}},"37":{"start":{"line":117,"column":12},"end":{"line":117,"column":32}},"38":{"start":{"line":119,"column":12},"end":{"line":122,"column":14}},"39":{"start":{"line":129,"column":8},"end":{"line":137,"column":9}},"40":{"start":{"line":130,"column":29},"end":{"line":130,"column":113}},"41":{"start":{"line":131,"column":12},"end":{"line":131,"column":32}},"42":{"start":{"line":133,"column":12},"end":{"line":136,"column":14}},"43":{"start":{"line":142,"column":0},"end":{"line":142,"column":26}}},"fnMap":{"0":{"name":"(anonymous_0)","decl":{"start":{"line":6,"column":4},"end":{"line":6,"column":5}},"loc":{"start":{"line":6,"column":89},"end":{"line":15,"column":5}},"line":6},"1":{"name":"(anonymous_1)","decl":{"start":{"line":17,"column":4},"end":{"line":17,"column":5}},"loc":{"start":{"line":17,"column":29},"end":{"line":27,"column":5}},"line":17},"2":{"name":"(anonymous_2)","decl":{"start":{"line":31,"column":4},"end":{"line":31,"column":5}},"loc":{"start":{"line":31,"column":30},"end":{"line":48,"column":5}},"line":31},"3":{"name":"(anonymous_3)","decl":{"start":{"line":50,"column":4},"end":{"line":50,"column":5}},"loc":{"start":{"line":50,"column":27},"end":{"line":63,"column":5}},"line":50},"4":{"name":"(anonymous_4)","decl":{"start":{"line":54,"column":37},"end":{"line":54,"column":38}},"loc":{"start":{"line":54,"column":42},"end":{"line":54,"column":53}},"line":54},"5":{"name":"(anonymous_5)","decl":{"start":{"line":65,"column":4},"end":{"line":65,"column":5}},"loc":{"start":{"line":65,"column":29},"end":{"line":82,"column":5}},"line":65},"6":{"name":"(anonymous_6)","decl":{"start":{"line":84,"column":4},"end":{"line":84,"column":5}},"loc":{"start":{"line":84,"column":41},"end":{"line":95,"column":5}},"line":84},"7":{"name":"(anonymous_7)","decl":{"start":{"line":97,"column":4},"end":{"line":97,"column":5}},"loc":{"start":{"line":97,"column":39},"end":{"line":109,"column":5}},"line":97},"8":{"name":"(anonymous_8)","decl":{"start":{"line":112,"column":4},"end":{"line":112,"column":5}},"loc":{"start":{"line":112,"column":49},"end":{"line":124,"column":5}},"line":112},"9":{"name":"(anonymous_9)","decl":{"start":{"line":127,"column":4},"end":{"line":127,"column":5}},"loc":{"start":{"line":127,"column":36},"end":{"line":138,"column":5}},"line":127}},"branchMap":{"0":{"loc":{"start":{"line":33,"column":8},"end":{"line":36,"column":10}},"type":"if","locations":[{"start":{"line":33,"column":8},"end":{"line":36,"column":10}},{"start":{},"end":{}}],"line":33},"1":{"loc":{"start":{"line":67,"column":8},"end":{"line":70,"column":10}},"type":"if","locations":[{"start":{"line":67,"column":8},"end":{"line":70,"column":10}},{"start":{},"end":{}}],"line":67}},"s":{"0":1,"1":0,"2":0,"3":0,"4":0,"5":0,"6":0,"7":0,"8":0,"9":0,"10":0,"11":0,"12":0,"13":0,"14":0,"15":0,"16":0,"17":0,"18":0,"19":0,"20":0,"21":0,"22":0,"23":0,"24":0,"25":0,"26":0,"27":0,"28":0,"29":0,"30":0,"31":0,"32":0,"33":0,"34":0,"35":0,"36":0,"37":0,"38":0,"39":0,"40":0,"41":0,"42":0,"43":1},"f":{"0":0,"1":0,"2":0,"3":0,"4":0,"5":0,"6":0,"7":0,"8":0,"9":0},"b":{"0":[0,0],"1":[0,0]},"_coverageSchema":"1a1c01bbd47fc00a2c39e90264f33305004495a9","hash":"5f318dbb5562bf683a43be3ccb104901b80553fb"}
}
