TN:
SF:controller\note.js
FN:3,createPostNote
FN:9,(anonymous_1)
FN:24,deletePostNote
FN:48,returnPostNote
FN:62,returnPostNoteByCategory
FN:78,returnPostNoteByPublic
FN:94,returnPostNoteByPrivate
FN:114,returnCategoriesNumber
FNF:8
FNH:0
FNDA:0,createPostNote
FNDA:0,(anonymous_1)
FNDA:0,deletePostNote
FNDA:0,returnPostNote
FNDA:0,returnPostNoteByCategory
FNDA:0,returnPostNoteByPublic
FNDA:0,returnPostNoteByPrivate
FNDA:0,returnCategoriesNumber
DA:1,1
DA:6,0
DA:8,0
DA:9,0
DA:10,0
DA:11,0
DA:13,0
DA:16,0
DA:26,0
DA:28,0
DA:29,0
DA:31,0
DA:32,0
DA:33,0
DA:35,0
DA:39,0
DA:50,0
DA:51,0
DA:52,0
DA:54,0
DA:64,0
DA:66,0
DA:67,0
DA:68,0
DA:70,0
DA:80,0
DA:82,0
DA:83,0
DA:84,0
DA:86,0
DA:96,0
DA:97,0
DA:100,0
DA:101,0
DA:102,0
DA:104,0
DA:117,0
DA:118,0
DA:119,0
DA:121,0
DA:131,1
LF:41
LH:2
BRDA:9,0,0,0
BRDA:9,0,1,0
BRDA:31,1,0,0
BRDA:31,1,1,0
BRF:4
BRH:0
end_of_record
TN:
SF:db\connection.js
FNF:0
FNH:0
DA:1,1
DA:2,1
DA:4,1
DA:9,1
LF:4
LH:4
BRF:0
BRH:0
end_of_record
TN:
SF:model\note.js
FN:6,(anonymous_0)
FN:17,(anonymous_1)
FN:31,(anonymous_2)
FN:50,(anonymous_3)
FN:54,(anonymous_4)
FN:65,(anonymous_5)
FN:84,(anonymous_6)
FN:98,(anonymous_7)
FN:113,(anonymous_8)
FN:128,(anonymous_9)
FNF:10
FNH:0
FNDA:0,(anonymous_0)
FNDA:0,(anonymous_1)
FNDA:0,(anonymous_2)
FNDA:0,(anonymous_3)
FNDA:0,(anonymous_4)
FNDA:0,(anonymous_5)
FNDA:0,(anonymous_6)
FNDA:0,(anonymous_7)
FNDA:0,(anonymous_8)
FNDA:0,(anonymous_9)
DA:1,1
DA:8,0
DA:9,0
DA:10,0
DA:11,0
DA:12,0
DA:13,0
DA:18,0
DA:19,0
DA:20,0
DA:22,0
DA:33,0
DA:38,0
DA:39,0
DA:40,0
DA:42,0
DA:52,0
DA:53,0
DA:54,0
DA:57,0
DA:67,0
DA:72,0
DA:73,0
DA:76,0
DA:86,0
DA:87,0
DA:89,0
DA:91,0
DA:100,0
DA:101,0
DA:103,0
DA:105,0
DA:115,0
DA:116,0
DA:118,0
DA:120,0
DA:130,0
DA:131,0
DA:132,0
DA:134,0
DA:143,1
LF:41
LH:2
BRDA:33,0,0,0
BRDA:33,0,1,0
BRDA:67,1,0,0
BRDA:67,1,1,0
BRF:4
BRH:0
end_of_record
